<?xml version="1.0" encoding="UTF-8"?>
<!-- Generated by org.testng.reporters.JUnitXMLReporter -->
<testsuite ignored="2" hostname="Amma" failures="0" tests="1" name="Test" time="49.397" errors="0" timestamp="2023-03-29T13:26:58 IST">
  <testcase classname="vtiger.OrganizationsTest.CreateOrganizationTest" name="regional" time="0.075"/>
  <testcase classname="vtiger.OrganizationsTest.CreateOrganizationTest" name="CreateOrganizationTest" time="0.0">
    <ignored/>
  </testcase> <!-- CreateOrganizationTest -->
  <testcase classname="vtiger.OrganizationsTest.CreateOrganizationTest" name="demoScript" time="0.0">
    <ignored/>
  </testcase> <!-- demoScript -->
</testsuite> <!-- Test -->
