<?xml version="1.0" encoding="UTF-8"?>
<testng-results ignored="2" total="3" passed="1" failed="0" skipped="0">
  <reporter-output>
  </reporter-output>
  <suite started-at="2023-03-29T13:26:07 IST" name="Suite" finished-at="2023-03-29T13:26:56 IST" duration-ms="49397">
    <groups>
    </groups>
    <test started-at="2023-03-29T13:26:07 IST" name="Test" finished-at="2023-03-29T13:26:56 IST" duration-ms="49397">
      <class name="vtiger.OrganizationsTest.CreateOrganizationTest">
        <test-method is-config="true" signature="bsConfig()[pri:0, instance:vtiger.OrganizationsTest.CreateOrganizationTest@53aac487]" started-at="2023-03-29T13:26:07 IST" name="bsConfig" finished-at="2023-03-29T13:26:07 IST" duration-ms="50" status="PASS">
          <reporter-output>
          </reporter-output>
        </test-method> <!-- bsConfig -->
        <test-method is-config="true" signature="bcConfig()[pri:0, instance:vtiger.OrganizationsTest.CreateOrganizationTest@53aac487]" started-at="2023-03-29T13:26:10 IST" name="bcConfig" finished-at="2023-03-29T13:26:23 IST" duration-ms="13797" status="PASS">
          <reporter-output>
          </reporter-output>
        </test-method> <!-- bcConfig -->
        <test-method is-config="true" signature="bmConfig()[pri:0, instance:vtiger.OrganizationsTest.CreateOrganizationTest@53aac487]" started-at="2023-03-29T13:26:24 IST" name="bmConfig" finished-at="2023-03-29T13:26:37 IST" duration-ms="13566" status="PASS">
          <reporter-output>
          </reporter-output>
        </test-method> <!-- bmConfig -->
        <test-method signature="regional()[pri:0, instance:vtiger.OrganizationsTest.CreateOrganizationTest@53aac487]" started-at="2023-03-29T13:26:37 IST" name="regional" finished-at="2023-03-29T13:26:37 IST" duration-ms="75" status="PASS">
          <reporter-output>
          </reporter-output>
        </test-method> <!-- regional -->
        <test-method is-config="true" signature="amConfig()[pri:0, instance:vtiger.OrganizationsTest.CreateOrganizationTest@53aac487]" started-at="2023-03-29T13:26:37 IST" name="amConfig" finished-at="2023-03-29T13:26:51 IST" duration-ms="14207" status="PASS">
          <reporter-output>
          </reporter-output>
        </test-method> <!-- amConfig -->
        <test-method is-config="true" signature="acConfig()[pri:0, instance:vtiger.OrganizationsTest.CreateOrganizationTest@53aac487]" started-at="2023-03-29T13:26:51 IST" name="acConfig" finished-at="2023-03-29T13:26:56 IST" duration-ms="4807" status="PASS">
          <reporter-output>
          </reporter-output>
        </test-method> <!-- acConfig -->
        <test-method is-config="true" signature="asConfig()[pri:0, instance:vtiger.OrganizationsTest.CreateOrganizationTest@53aac487]" started-at="2023-03-29T13:26:59 IST" name="asConfig" finished-at="2023-03-29T13:26:59 IST" duration-ms="2" status="PASS">
          <reporter-output>
          </reporter-output>
        </test-method> <!-- asConfig -->
      </class> <!-- vtiger.OrganizationsTest.CreateOrganizationTest -->
    </test> <!-- Test -->
  </suite> <!-- Suite -->
</testng-results>
